<?xml version="1.0" encoding="UTF-8"?>
<!-- Generated by org.testng.reporters.JUnitXMLReporter -->
<testsuite ignored="0" hostname="DESKTOP-J32N3KI" failures="1" tests="1" name="Test" time="0.205" errors="0" timestamp="2023-06-22T01:14:43 IST">
  <testcase classname="testNGPractice.SerialAndParallerExecution" name="checklogo" time="0.06">
    <failure type="java.lang.AssertionError" message="No capturing logo element">
      <![CDATA[java.lang.AssertionError: No capturing logo element
at testNGPractice.SerialAndParallerExecution.checklogo(SerialAndParallerExecution.java:41)
at java.base/java.util.ArrayList.forEach(ArrayList.java:1511)
... Removed 28 stack frames]]>
    </failure>
  </testcase> <!-- checklogo -->
</testsuite> <!-- Test -->
